-rw-r--r-- 1 jfb843 jfb843  763504076 Apr 15 21:49 compiled_data/2005_data-2-medium.csv
-rw-r--r-- 1 jfb843 jfb843  763504076 Apr 15 21:41 compiled_data/2005_data-2-small.csv
-rw-r--r-- 1 jfb843 jfb843 1145256114 Apr 15 21:58 compiled_data/2005_data-3-large.csv
-rw-r--r-- 1 jfb843 jfb843  757899798 Apr 15 21:49 compiled_data/2006_data-2-medium.csv
-rw-r--r-- 1 jfb843 jfb843  757899798 Apr 15 21:41 compiled_data/2006_data-2-small.csv
-rw-r--r-- 1 jfb843 jfb843 1136849697 Apr 15 21:58 compiled_data/2006_data-3-large.csv
-rw-r--r-- 1 jfb843 jfb843  757505472 Apr 15 21:49 compiled_data/2007_data-2-medium.csv
-rw-r--r-- 1 jfb843 jfb843  757505472 Apr 15 21:42 compiled_data/2007_data-2-small.csv
-rw-r--r-- 1 jfb843 jfb843 1136258208 Apr 15 21:59 compiled_data/2007_data-3-large.csv
-rw-r--r-- 1 jfb843 jfb843  772605602 Apr 15 21:49 compiled_data/2008_data-2-medium.csv
-rw-r--r-- 1 jfb843 jfb843  772605602 Apr 15 21:42 compiled_data/2008_data-2-small.csv
-rw-r--r-- 1 jfb843 jfb843 1158908403 Apr 15 21:59 compiled_data/2008_data-3-large.csv
-rw-r--r-- 1 jfb843 jfb843  761781854 Apr 15 21:49 compiled_data/2009_data-2-medium.csv
-rw-r--r-- 1 jfb843 jfb843  761781854 Apr 15 21:42 compiled_data/2009_data-2-small.csv
-rw-r--r-- 1 jfb843 jfb843 1142672781 Apr 15 21:59 compiled_data/2009_data-3-large.csv
-rw-r--r-- 1 jfb843 jfb843  772702550 Apr 15 21:50 compiled_data/2010_data-2-medium.csv
-rw-r--r-- 1 jfb843 jfb843  772702550 Apr 15 21:42 compiled_data/2010_data-2-small.csv
-rw-r--r-- 1 jfb843 jfb843 1159053825 Apr 15 22:00 compiled_data/2010_data-3-large.csv
-rw-r--r-- 1 jfb843 jfb843  789456370 Apr 15 21:50 compiled_data/2011_data-2-medium.csv
-rw-r--r-- 1 jfb843 jfb843  789456370 Apr 15 21:42 compiled_data/2011_data-2-small.csv
-rw-r--r-- 1 jfb843 jfb843 1184184555 Apr 15 22:00 compiled_data/2011_data-3-large.csv
-rw-r--r-- 1 jfb843 jfb843  798253236 Apr 15 21:50 compiled_data/2012_data-2-medium.csv
-rw-r--r-- 1 jfb843 jfb843  798253236 Apr 15 21:42 compiled_data/2012_data-2-small.csv
-rw-r--r-- 1 jfb843 jfb843 1197379854 Apr 15 22:00 compiled_data/2012_data-3-large.csv
-rw-r--r-- 1 jfb843 jfb843  815313498 Apr 15 21:50 compiled_data/2013_data-2-medium.csv
-rw-r--r-- 1 jfb843 jfb843  815313498 Apr 15 21:43 compiled_data/2013_data-2-small.csv
-rw-r--r-- 1 jfb843 jfb843 1222970247 Apr 15 22:00 compiled_data/2013_data-3-large.csv
-rw-r--r-- 1 jfb843 jfb843  824886524 Apr 15 21:50 compiled_data/2014_data-2-medium.csv
-rw-r--r-- 1 jfb843 jfb843  824886524 Apr 15 21:43 compiled_data/2014_data-2-small.csv
-rw-r--r-- 1 jfb843 jfb843 1237329786 Apr 15 22:01 compiled_data/2014_data-3-large.csv
-rw-r--r-- 1 jfb843 jfb843  500004843 Apr 15 21:52 compiled_data/2015-30199-medium.csv
-rw-r--r-- 1 jfb843 jfb843    1009977 Apr 15 21:43 compiled_data/2015-61-small.csv
-rw-r--r-- 1 jfb843 jfb843  109640454 Apr 15 22:01 compiled_data/2015-concat.csv
-rw-r--r-- 1 jfb843 jfb843  853880242 Apr 15 21:52 compiled_data/2015_data-2-medium.csv
-rw-r--r-- 1 jfb843 jfb843  853880242 Apr 15 21:43 compiled_data/2015_data-2-small.csv
-rw-r--r-- 1 jfb843 jfb843   12652462 Apr 15 21:43 compiled_data/anime_cleaned-2-small.csv
-rw-r--r-- 1 jfb843 jfb843  506098480 Apr 15 21:52 compiled_data/anime_cleaned-80-medium.csv
-rw-r--r-- 1 jfb843 jfb843   20665698 Apr 15 21:43 compiled_data/anime_filtered-2-small.csv
-rw-r--r-- 1 jfb843 jfb843  506309601 Apr 15 21:52 compiled_data/anime_filtered-49-medium.csv
-rw-r--r-- 1 jfb843 jfb843   20642754 Apr 15 21:43 compiled_data/AnimeList-2-small.csv
-rw-r--r-- 1 jfb843 jfb843  505747473 Apr 15 21:52 compiled_data/AnimeList-49-medium.csv
-rw-r--r-- 1 jfb843 jfb843 4526223222 Apr 15 21:53 compiled_data/animelists_cleaned-2-medium.csv
-rw-r--r-- 1 jfb843 jfb843 4526223222 Apr 15 21:44 compiled_data/animelists_cleaned-2-small.csv
-rw-r--r-- 1 jfb843 jfb843 4530136260 Apr 15 21:54 compiled_data/animelists_filtered-2-medium.csv
-rw-r--r-- 1 jfb843 jfb843 4530136260 Apr 15 21:45 compiled_data/animelists_filtered-2-small.csv
-rw-r--r-- 1 jfb843 jfb843  539508944 Apr 15 21:54 compiled_data/athlete_events-13-medium.csv
-rw-r--r-- 1 jfb843 jfb843   83001376 Apr 15 21:45 compiled_data/athlete_events-2-small.csv
-rw-r--r-- 1 jfb843 jfb843  301657504 Apr 15 21:45 compiled_data/creditcard-2-small.csv
-rw-r--r-- 1 jfb843 jfb843  603315008 Apr 15 21:54 compiled_data/creditcard-4-medium.csv
-rw-r--r-- 1 jfb843 jfb843   18280226 Apr 15 21:45 compiled_data/data-2-small.csv
-rw-r--r-- 1 jfb843 jfb843  502706215 Apr 15 21:54 compiled_data/data-55-medium.csv
-rw-r--r-- 1 jfb843 jfb843    2720310 Apr 15 21:45 compiled_data/googleplaystore-2-small.csv
-rw-r--r-- 1 jfb843 jfb843  500537040 Apr 15 21:54 compiled_data/googleplaystore-368-medium.csv
-rw-r--r-- 1 jfb843 jfb843 2378791298 Apr 15 21:55 compiled_data/loan-2-medium.csv
-rw-r--r-- 1 jfb843 jfb843 2378791298 Apr 15 21:45 compiled_data/loan-2-small.csv
-rw-r--r-- 1 jfb843 jfb843  516676890 Apr 15 21:55 compiled_data/movies_metadata-15-medium.csv
-rw-r--r-- 1 jfb843 jfb843   68890252 Apr 15 21:45 compiled_data/movies_metadata-2-small.csv
-rw-r--r-- 1 jfb843 jfb843  500280885 Apr 15 21:55 compiled_data/player_data-1443-medium.csv
-rw-r--r-- 1 jfb843 jfb843    1040085 Apr 15 21:46 compiled_data/player_data-3-small.csv
-rw-r--r-- 1 jfb843 jfb843  601809388 Apr 15 21:55 compiled_data/Reviews-2-medium.csv
-rw-r--r-- 1 jfb843 jfb843  601809388 Apr 15 21:46 compiled_data/Reviews-2-small.csv
-rw-r--r-- 1 jfb843 jfb843          0 Apr 16 18:00 compiled_data/sample.log
-rw-r--r-- 1 jfb843 jfb843 9993905922 Apr 15 21:58 compiled_data/UserAnimeList-2-medium.csv
-rw-r--r-- 1 jfb843 jfb843 9993905922 Apr 15 21:48 compiled_data/UserAnimeList-2-small.csv
-rw-r--r-- 1 jfb843 jfb843  517757661 Apr 15 21:58 compiled_data/UserList-17-medium.csv
-rw-r--r-- 1 jfb843 jfb843   60912666 Apr 15 21:48 compiled_data/UserList-2-small.csv
-rw-r--r-- 1 jfb843 jfb843   31495898 Apr 15 21:48 compiled_data/users_cleaned-2-small.csv
-rw-r--r-- 1 jfb843 jfb843  503934368 Apr 15 21:58 compiled_data/users_cleaned-32-medium.csv
-rw-r--r-- 1 jfb843 jfb843   27257154 Apr 15 21:48 compiled_data/users_filtered-2-small.csv
-rw-r--r-- 1 jfb843 jfb843  504257349 Apr 15 21:58 compiled_data/users_filtered-37-medium.csv
-rw-r--r-- 1 jfb843 jfb843  529087060 Apr 15 21:58 compiled_data/winemag-data-130k-v2-10-medium.csv
-rw-r--r-- 1 jfb843 jfb843  105817412 Apr 15 21:48 compiled_data/winemag-data-130k-v2-2-small.csv
