-rw-r--r-- 1 hhan16 hhan16  381752038 Aug  3  2017 data/2005_data.csv
-rw-r--r-- 1 hhan16 hhan16  378949899 Aug  3  2017 data/2006_data.csv
-rw-r--r-- 1 hhan16 hhan16  378752736 Aug  3  2017 data/2007_data.csv
-rw-r--r-- 1 hhan16 hhan16  386302801 Aug  3  2017 data/2008_data.csv
-rw-r--r-- 1 hhan16 hhan16  380890927 Aug  3  2017 data/2009_data.csv
-rw-r--r-- 1 hhan16 hhan16  386351275 Aug  3  2017 data/2010_data.csv
-rw-r--r-- 1 hhan16 hhan16  394728185 Aug  3  2017 data/2011_data.csv
-rw-r--r-- 1 hhan16 hhan16  399126618 Aug  3  2017 data/2012_data.csv
-rw-r--r-- 1 hhan16 hhan16  407656749 Aug  3  2017 data/2013_data.csv
-rw-r--r-- 1 hhan16 hhan16  412443262 Aug  3  2017 data/2014_data.csv
-rw-r--r-- 1 hhan16 hhan16      16557 Apr  5 15:42 data/2015.csv
-rw-r--r-- 1 hhan16 hhan16  426940121 Aug  3  2017 data/2015_data.csv
-rw-r--r-- 1 hhan16 hhan16    4104734 Oct  7  2016 data/adult.csv
-rw-r--r-- 1 hhan16 hhan16    6326231 Jun 29  2018 data/anime_cleaned.csv
-rw-r--r-- 1 hhan16 hhan16   10332849 Jun 29  2018 data/anime_filtered.csv
-rw-r--r-- 1 hhan16 hhan16   10321377 Jun 29  2018 data/AnimeList.csv
-rw-r--r-- 1 hhan16 hhan16 2263111611 Jun 29  2018 data/animelists_cleaned.csv
-rw-r--r-- 1 hhan16 hhan16 2265068130 Jun 29  2018 data/animelists_filtered.csv
-rw-r--r-- 1 hhan16 hhan16   41500688 Jun 15  2018 data/athlete_events.csv
-rw-r--r-- 1 hhan16 hhan16  188152019 Aug  3  2017 data/austria.csv
-rw-r--r-- 1 hhan16 hhan16      16300 Apr  5 15:42 data/bitcoin_cash_price.csv
-rw-r--r-- 1 hhan16 hhan16  273086150 Apr  5 15:41 data/Checkouts_By_Title_Data_Lens_2005.csv
-rw-r--r-- 1 hhan16 hhan16      24961 Apr  5 15:42 data/column_2C_weka.csv
-rw-r--r-- 1 hhan16 hhan16      20558 Apr  5 15:41 data/country_stats.csv
-rw-r--r-- 1 hhan16 hhan16  150828752 Mar 23  2018 data/creditcard.csv
-rw-r--r-- 1 hhan16 hhan16     947066 Apr  5 15:41 data/CrowdsCureCancer2017Annotations.csv
-rw-r--r-- 1 hhan16 hhan16    2361277 Dec 12  2017 data/cv-invalid.csv
-rw------- 1 hhan16 hhan16    9140113 Dec 21 03:53 data/data.csv
-rw-r--r-- 1 hhan16 hhan16 1426122219 Jun 16  2016 data/emails.csv
-rw-r--r-- 1 hhan16 hhan16     625610 Apr  5 15:43 data/falldeteciton.csv
-rw-r--r-- 1 hhan16 hhan16        668 Apr  5 15:40 data/feature_tbl.csv
-rw------- 1 hhan16 hhan16    1360155 Sep  4  2018 data/googleplaystore.csv
-rw-r--r-- 1 hhan16 hhan16     563277 Apr  5 15:40 data/HAM10000_metadata.csv
-rw-r--r-- 1 hhan16 hhan16      23930 Apr  5 15:43 data/indian_liver_patient.csv
-rw-r--r-- 1 hhan16 hhan16 3466579785 Nov 14  2017 data/Iowa_Liquor_Sales.csv
-rw------- 1 hhan16 hhan16   94371854 Oct 18 01:20 data/IRAhandle_tweets_10.csv
-rw-r--r-- 1 hhan16 hhan16       5107 Apr  5 15:43 data/Iris.csv
-rw------- 1 hhan16 hhan16    2918923 Apr  5 09:24 data/isd-history.csv
-rw------- 1 hhan16 hhan16 8379016288 Apr  1 12:06 data/library-collection-inventory.csv
-rw------- 1 hhan16 hhan16 1189395649 Mar 18 18:47 data/loan.csv
-rw-r--r-- 1 hhan16 hhan16   34445126 Apr  5 15:42 data/movies_metadata.csv
-rw-r--r-- 1 hhan16 hhan16   13625843 Sep 22  2017 data/nyc-rolling-sales.csv
-rw------- 1 hhan16 hhan16 1289900205 Apr  4 22:19 data/parking-citations.csv
-rw-r--r-- 1 hhan16 hhan16     346695 Apr  5 15:42 data/player_data.csv
-rw-r--r-- 1 hhan16 hhan16  300904694 May  1  2017 data/Reviews.csv
-rw-r--r-- 1 hhan16 hhan16     158657 Apr  5 15:42 data/speakers_all.csv
-rw-r--r-- 1 hhan16 hhan16 4996952961 Jun 29  2018 data/UserAnimeList.csv
-rw-r--r-- 1 hhan16 hhan16   30456333 Jun 29  2018 data/UserList.csv
-rw-r--r-- 1 hhan16 hhan16   15747949 Jun 29  2018 data/users_cleaned.csv
-rw-r--r-- 1 hhan16 hhan16   13628577 Jun 29  2018 data/users_filtered.csv
-rw-r--r-- 1 hhan16 hhan16    1618040 Dec 30  2016 data/Video_Games_Sales_as_at_22_Dec_2016.csv
-rw-r--r-- 1 hhan16 hhan16   52908706 Nov 27  2017 data/winemag-data-130k-v2.csv
