/home/jfb843/CloudComputing/compiled_data/2005_data-2-medium.csv: 763504076  77
/home/jfb843/CloudComputing/compiled_data/2005_data-2-small.csv: 763504076  77
/home/jfb843/CloudComputing/compiled_data/2005_data-3-large.csv: 1145256114  77
/home/jfb843/CloudComputing/compiled_data/2006_data-2-medium.csv: 757899798  77
/home/jfb843/CloudComputing/compiled_data/2006_data-2-small.csv: 757899798  77
/home/jfb843/CloudComputing/compiled_data/2006_data-3-large.csv: 1136849697  77
/home/jfb843/CloudComputing/compiled_data/2007_data-2-medium.csv: 757505472  77
/home/jfb843/CloudComputing/compiled_data/2007_data-2-small.csv: 757505472  77
/home/jfb843/CloudComputing/compiled_data/2007_data-3-large.csv: 1136258208  77
/home/jfb843/CloudComputing/compiled_data/2008_data-2-medium.csv: 772605602  77
/home/jfb843/CloudComputing/compiled_data/2008_data-2-small.csv: 772605602  77
/home/jfb843/CloudComputing/compiled_data/2008_data-3-large.csv: 1158908403  77
/home/jfb843/CloudComputing/compiled_data/2009_data-2-medium.csv: 761781854  77
/home/jfb843/CloudComputing/compiled_data/2009_data-2-small.csv: 761781854  77
/home/jfb843/CloudComputing/compiled_data/2009_data-3-large.csv: 1142672781  77
/home/jfb843/CloudComputing/compiled_data/2010_data-2-medium.csv: 772702550  77
/home/jfb843/CloudComputing/compiled_data/2010_data-2-small.csv: 772702550  77
/home/jfb843/CloudComputing/compiled_data/2010_data-3-large.csv: 1159053825  77
/home/jfb843/CloudComputing/compiled_data/2011_data-2-medium.csv: 789456370  77
/home/jfb843/CloudComputing/compiled_data/2011_data-2-small.csv: 789456370  77
/home/jfb843/CloudComputing/compiled_data/2011_data-3-large.csv: 1184184555  77
/home/jfb843/CloudComputing/compiled_data/2012_data-2-medium.csv: 798253236  77
/home/jfb843/CloudComputing/compiled_data/2012_data-2-small.csv: 798253236  77
/home/jfb843/CloudComputing/compiled_data/2012_data-3-large.csv: 1197379854  77
/home/jfb843/CloudComputing/compiled_data/2013_data-2-medium.csv: 815313498  77
/home/jfb843/CloudComputing/compiled_data/2013_data-2-small.csv: 815313498  77
/home/jfb843/CloudComputing/compiled_data/2013_data-3-large.csv: 1222970247  77
/home/jfb843/CloudComputing/compiled_data/2014_data-2-medium.csv: 824886524  77
/home/jfb843/CloudComputing/compiled_data/2014_data-2-small.csv: 824886524  77
/home/jfb843/CloudComputing/compiled_data/2014_data-3-large.csv: 1237329786  77
/home/jfb843/CloudComputing/compiled_data/2015-30199-medium.csv: 500004843  12
/home/jfb843/CloudComputing/compiled_data/2015-61-small.csv: 1009977  12
/home/jfb843/CloudComputing/compiled_data/2015-concat.csv: 109640454  12
/home/jfb843/CloudComputing/compiled_data/2015_data-2-medium.csv: 853880242  77
/home/jfb843/CloudComputing/compiled_data/2015_data-2-small.csv: 853880242  77
/home/jfb843/CloudComputing/compiled_data/anime_cleaned-2-small.csv: 12652462  33
/home/jfb843/CloudComputing/compiled_data/anime_cleaned-80-medium.csv: 506098480  33
/home/jfb843/CloudComputing/compiled_data/anime_filtered-2-small.csv: 20665698  31
/home/jfb843/CloudComputing/compiled_data/anime_filtered-49-medium.csv: 506309601  31
/home/jfb843/CloudComputing/compiled_data/AnimeList-2-small.csv: 20642754  31
/home/jfb843/CloudComputing/compiled_data/AnimeList-49-medium.csv: 505747473  31
/home/jfb843/CloudComputing/compiled_data/animelists_cleaned-2-medium.csv: 4526223222  11
/home/jfb843/CloudComputing/compiled_data/animelists_cleaned-2-small.csv: 4526223222  11
/home/jfb843/CloudComputing/compiled_data/animelists_filtered-2-medium.csv: 4530136260  11
/home/jfb843/CloudComputing/compiled_data/animelists_filtered-2-small.csv: 4530136260  11
/home/jfb843/CloudComputing/compiled_data/athlete_events-13-medium.csv: 539508944  15
/home/jfb843/CloudComputing/compiled_data/athlete_events-2-small.csv: 83001376  15
/home/jfb843/CloudComputing/compiled_data/creditcard-2-small.csv: 301657504  31
/home/jfb843/CloudComputing/compiled_data/creditcard-4-medium.csv: 603315008  31
/home/jfb843/CloudComputing/compiled_data/data-2-small.csv: 18280226  89
/home/jfb843/CloudComputing/compiled_data/data-55-medium.csv: 502706215  89
/home/jfb843/CloudComputing/compiled_data/googleplaystore-2-small.csv: 2720310  13
/home/jfb843/CloudComputing/compiled_data/googleplaystore-368-medium.csv: 500537040  13
/home/jfb843/CloudComputing/compiled_data/loan-2-medium.csv: 2378791298  145
/home/jfb843/CloudComputing/compiled_data/loan-2-small.csv: 2378791298  145
/home/jfb843/CloudComputing/compiled_data/movies_metadata-15-medium.csv: 516676890  24
/home/jfb843/CloudComputing/compiled_data/movies_metadata-2-small.csv: 68890252  24
/home/jfb843/CloudComputing/compiled_data/player_data-1443-medium.csv: 500280885  8
/home/jfb843/CloudComputing/compiled_data/player_data-3-small.csv: 1040085  8
/home/jfb843/CloudComputing/compiled_data/Reviews-2-medium.csv: 601809388  10
/home/jfb843/CloudComputing/compiled_data/Reviews-2-small.csv: 601809388  10
/home/jfb843/CloudComputing/compiled_data/UserAnimeList-2-medium.csv: 9993905922  11
/home/jfb843/CloudComputing/compiled_data/UserAnimeList-2-small.csv: 9993905922  11
/home/jfb843/CloudComputing/compiled_data/UserList-17-medium.csv: 517757661  17
/home/jfb843/CloudComputing/compiled_data/UserList-2-small.csv: 60912666  17
/home/jfb843/CloudComputing/compiled_data/users_cleaned-2-small.csv: 31495898  17
/home/jfb843/CloudComputing/compiled_data/users_cleaned-32-medium.csv: 503934368  17
/home/jfb843/CloudComputing/compiled_data/users_filtered-2-small.csv: 27257154  17
/home/jfb843/CloudComputing/compiled_data/users_filtered-37-medium.csv: 504257349  17
/home/jfb843/CloudComputing/compiled_data/winemag-data-130k-v2-10-medium.csv: 529087060  14
/home/jfb843/CloudComputing/compiled_data/winemag-data-130k-v2-2-small.csv: 105817412  14
/home/jfb843/CloudComputing/data/2005_data.csv: 381752038  77
/home/jfb843/CloudComputing/data/2006_data.csv: 378949899  77
/home/jfb843/CloudComputing/data/2007_data.csv: 378752736  77
/home/jfb843/CloudComputing/data/2008_data.csv: 386302801  77
/home/jfb843/CloudComputing/data/2009_data.csv: 380890927  77
/home/jfb843/CloudComputing/data/2010_data.csv: 386351275  77
/home/jfb843/CloudComputing/data/2011_data.csv: 394728185  77
/home/jfb843/CloudComputing/data/2012_data.csv: 399126618  77
/home/jfb843/CloudComputing/data/2013_data.csv: 407656749  77
/home/jfb843/CloudComputing/data/2014_data.csv: 412443262  77
/home/jfb843/CloudComputing/data/2015.csv: 16557  12
/home/jfb843/CloudComputing/data/2015_data.csv: 426940121  77
/home/jfb843/CloudComputing/data/anime_cleaned.csv: 6326231  33
/home/jfb843/CloudComputing/data/anime_filtered.csv: 10332849  31
/home/jfb843/CloudComputing/data/AnimeList.csv: 10321377  31
/home/jfb843/CloudComputing/data/animelists_cleaned.csv: 2263111611  11
/home/jfb843/CloudComputing/data/animelists_filtered.csv: 2265068130  11
/home/jfb843/CloudComputing/data/athlete_events.csv: 41500688  15
/home/jfb843/CloudComputing/data/creditcard.csv: 150828752  31
/home/jfb843/CloudComputing/data/data.csv: 9140113  89
/home/jfb843/CloudComputing/data/googleplaystore.csv: 1360155  13
/home/jfb843/CloudComputing/data/loan.csv: 1189395649  145
/home/jfb843/CloudComputing/data/movies_metadata.csv: 34445126  24
/home/jfb843/CloudComputing/data/player_data.csv: 346695  8
/home/jfb843/CloudComputing/data/Reviews.csv: 300904694  10
/home/jfb843/CloudComputing/data/UserAnimeList.csv: 4996952961  11
/home/jfb843/CloudComputing/data/UserList.csv: 30456333  17
/home/jfb843/CloudComputing/data/users_cleaned.csv: 15747949  17
/home/jfb843/CloudComputing/data/users_filtered.csv: 13628577  17
/home/jfb843/CloudComputing/data/winemag-data-130k-v2.csv: 52908706  14
