2005_data 381752038 2452507 77
2006_data 378949899 2430726 77
2007_data 378752736 2428344 77
2008_data 386302801 2476812 77
2009_data 380890927 2441220 77
2010_data 386351275 2472543 77
2011_data 394728185 2519843 77
2005_data 381752038 2452507 77
2006_data 378949899 2430726 77
2007_data 378752736 2428344 77
2008_data 386302801 2476812 77
2009_data 380890927 2441220 77
2010_data 386351275 2472543 77
2011_data 394728185 2519843 77
2012_data 399126618 2547865 77
2013_data 407656749 2601453 77
2014_data 412443262 2631172 77
2015 16557 159 12
2015_data 426940121 2718199 77
adult 4104734 32562 15
anime_cleaned 6326231 6669 33
anime_filtered 10332849 14475 31
AnimeList 10321377 14479 31
animelists_cleaned 2263111611 31399564 11
animelists_filtered 2265068130 35929555 11
athlete_events 41500688 271117 15
austria 188152019 2804995 11
bitcoin_cash_price 16300 214 7
checkouts-by-title 7236929603 33156892 11
Checkouts_By_Title_Data_Lens_2005 273086150 3794727 6
column_2C_weka 24961 311 7
country_stats 20558 175 13
creditcard 150828752 284808 31
CrowdsCureCancer2017Annotations 947066 2346 20
cv-invalid 2361277 25404 8
data 9140113 18208 89
emails 1426122219 33834245 2
falldeteciton 625610 16383 7
googleplaystore 1360155 10841 13
HAM10000_metadata 563277 10016 7
indian_liver_patient 23930 584 11
Iowa_Liquor_Sales 3466579785 37768482 24
IRAhandle_tweets_10 94371854 257112 21
Iris 5107 151 6
library-collection-inventory 8379016288 25491285 13
loan 1189395649 2260669 145
movies_metadata 34445126 45572 24
nyc-rolling-sales 13625843 84549 22
parking-citations 1299825155 9217480 19
player_data 346695 4551 8
Reviews 300904694 568455 10
speakers_all 158657 2173 12
UserAnimeList 4996952961 80329325 11
UserList 30456333 302677 17
users_cleaned 15747949 108713 17
users_filtered 13628577 116135 17
Video_Games_Sales_as_at_22_Dec_2016 1618040 16720 16
winemag-data-130k-v2 52908706 129976 14
2005_data-merged 763504076 4905014 77
2006_data-merged 757899798 4861452 77
2007_data-merged 757505472 4856688 77
2008_data-merged 772605602 4953624 77
2009_data-merged 761781854 4882440 77
2010_data-merged 772702550 4945086 77
2011_data-merged 789456370 5039686 77
2012_data-merged 798253236 5095730 77
2013_data-merged 815313498 5202906 77
2014_data-merged 824886524 5262344 77
2015_data-merged 853880242 5436398 77
2015-merged 1009977 9699 12
adult-merged 8209468 65124 15
anime_cleaned-merged 12652462 13338 33
anime_filtered-merged 20665698 28950 31
AnimeList-merged 20642754 28958 31
animelists_cleaned-merged 4526223222 62799128 11
animelists_filtered-merged 4530136260 71859110 11
athlete_events-merged 83001376 542234 15
austria-merged 376304038 5609990 11
bitcoin_cash_price-merged 1010600 13268 7
Checkouts_By_Title_Data_Lens_2005-merged 546172300 7589454 6
checkouts-by-title-merged 14473859206 66313784 11
column_2C_weka-merged 1023401 12751 7
country_stats-merged 1007342 8575 13
creditcard-merged 301657504 569616 31
CrowdsCureCancer2017Annotations-merged 1894132 4692 20
cv-invalid-merged 4722554 50808 8
data-merged 18280226 36416 89
emails-merged 2852244438 67668490 2
falldeteciton-merged 1251220 32766 7
feature_tbl-merged 1000644 17324 4
googleplaystore-merged 2720310 21682 13
HAM10000_metadata-merged 1126554 20032 7
indian_liver_patient-merged 1005060 24528 11
Iowa_Liquor_Sales-merged 6933159570 75536964 24
IRAhandle_tweets_10-merged 188743708 514224 21
Iris-merged 1000972 29596 6
library-collection-inventory-merged 16758032576 50982570 13
loan-merged 2378791298 4521338 145
mortality-merged 2724040704 17452967 77
movies_metadata-merged 68890252 91144 24
nyc-rolling-sales-merged 27251686 169098 22
parking-citations-merged 2599650310 18434960 19
player_data-merged 1040085 13653 8
Reviews-merged 601809388 1136910 10
speakers_all-merged 1110599 15211 12
UserAnimeList-merged 9993905922 160658650 11
UserList-merged 60912666 605354 17
users_cleaned-merged 31495898 217426 17
users_filtered-merged 27257154 232270 17
Video_Games_Sales_as_at_22_Dec_2016-merged 3236080 33440 16
winemag-data-130k-v2-merged 105817412 259952 14
